2023-08-03 20:28:36 | [INFO]    | Discordia 2.11.2
2023-08-03 20:28:36 | [INFO]    | Connecting to Discord...
2023-08-03 20:28:36 | [INFO]    | Authenticated as Mamut#3102
2023-08-03 20:28:37 | [INFO]    | Launching shard 0 (1 out of 1)...
2023-08-03 20:28:37 | [INFO]    | Shard 0 : Connected to wss://gateway.discord.gg
2023-08-03 20:28:37 | [INFO]    | Shard 0 : Received HELLO
2023-08-03 20:28:38 | [INFO]    | Shard 0 : Received READY
2023-08-03 20:30:35 | [INFO]    | Discordia 2.11.2
2023-08-03 20:30:35 | [INFO]    | Connecting to Discord...
2023-08-03 20:30:35 | [INFO]    | Authenticated as Mamut#3102
2023-08-03 20:30:35 | [INFO]    | Launching shard 0 (1 out of 1)...
2023-08-03 20:30:35 | [INFO]    | Shard 0 : Connected to wss://gateway.discord.gg
2023-08-03 20:30:35 | [INFO]    | Shard 0 : Received HELLO
2023-08-03 20:30:36 | [INFO]    | Shard 0 : Received READY
2023-08-03 20:30:46 | [INFO]    | Discordia 2.11.2
2023-08-03 20:30:46 | [INFO]    | Connecting to Discord...
2023-08-03 20:30:46 | [INFO]    | Authenticated as Mamut#3102
2023-08-03 20:30:46 | [INFO]    | Launching shard 0 (1 out of 1)...
2023-08-03 20:30:47 | [INFO]    | Shard 0 : Connected to wss://gateway.discord.gg
2023-08-03 20:30:47 | [INFO]    | Shard 0 : Received HELLO
2023-08-03 20:30:47 | [INFO]    | Shard 0 : Received READY
2023-08-03 20:31:00 | [INFO]    | Discordia 2.11.2
2023-08-03 20:31:00 | [INFO]    | Connecting to Discord...
2023-08-03 20:31:00 | [INFO]    | Authenticated as Mamut#3102
2023-08-03 20:31:00 | [INFO]    | Launching shard 0 (1 out of 1)...
2023-08-03 20:31:01 | [INFO]    | Shard 0 : Connected to wss://gateway.discord.gg
2023-08-03 20:31:01 | [INFO]    | Shard 0 : Received HELLO
2023-08-03 20:31:01 | [INFO]    | Shard 0 : Received READY
2023-08-03 20:34:07 | [INFO]    | Discordia 2.11.2
2023-08-03 20:34:07 | [INFO]    | Connecting to Discord...
2023-08-03 20:34:07 | [INFO]    | Authenticated as Mamut#3102
2023-08-03 20:34:07 | [INFO]    | Launching shard 0 (1 out of 1)...
2023-08-03 20:34:08 | [INFO]    | Shard 0 : Connected to wss://gateway.discord.gg
2023-08-03 20:34:08 | [INFO]    | Shard 0 : Received HELLO
2023-08-03 20:34:08 | [INFO]    | Shard 0 : Received READY
2023-08-03 20:37:30 | [INFO]    | Discordia 2.11.2
2023-08-03 20:37:30 | [INFO]    | Connecting to Discord...
2023-08-03 20:37:30 | [INFO]    | Authenticated as Mamut#3102
2023-08-03 20:37:30 | [INFO]    | Launching shard 0 (1 out of 1)...
2023-08-03 20:37:31 | [INFO]    | Shard 0 : Connected to wss://gateway.discord.gg
2023-08-03 20:37:31 | [INFO]    | Shard 0 : Received HELLO
2023-08-03 20:37:31 | [INFO]    | Shard 0 : Received READY
2023-08-03 20:37:31 | [INFO]    | Mamut
2023-08-03 20:37:53 | [INFO]    | Discordia 2.11.2
2023-08-03 20:37:53 | [INFO]    | Connecting to Discord...
2023-08-03 20:37:54 | [INFO]    | Authenticated as Mamut#3102
2023-08-03 20:37:54 | [INFO]    | Launching shard 0 (1 out of 1)...
2023-08-03 20:37:54 | [INFO]    | Shard 0 : Connected to wss://gateway.discord.gg
2023-08-03 20:37:54 | [INFO]    | Shard 0 : Received HELLO
2023-08-03 20:37:54 | [INFO]    | Shard 0 : Received READY
2023-08-03 20:37:54 | [INFO]    | Mamut
2023-08-03 20:38:45 | [INFO]    | Discordia 2.11.2
2023-08-03 20:38:45 | [INFO]    | Connecting to Discord...
2023-08-03 20:38:45 | [INFO]    | Authenticated as Mamut#3102
2023-08-03 20:38:45 | [INFO]    | Launching shard 0 (1 out of 1)...
2023-08-03 20:38:45 | [INFO]    | Shard 0 : Connected to wss://gateway.discord.gg
2023-08-03 20:38:45 | [INFO]    | Shard 0 : Received HELLO
2023-08-03 20:38:46 | [INFO]    | Shard 0 : Received READY
2023-08-03 20:38:46 | [INFO]    | Mamut
2023-08-04 09:40:05 | [INFO]    | Discordia 2.11.2
2023-08-04 09:40:05 | [INFO]    | Connecting to Discord...
2023-08-04 09:40:06 | [INFO]    | Authenticated as Mamut#3102
2023-08-04 09:40:06 | [INFO]    | Launching shard 0 (1 out of 1)...
2023-08-04 09:40:07 | [INFO]    | Shard 0 : Connected to wss://gateway.discord.gg
2023-08-04 09:40:07 | [INFO]    | Shard 0 : Received HELLO
2023-08-04 09:40:07 | [INFO]    | Shard 0 : Received READY
2023-08-04 09:40:07 | [INFO]    | Mamut
2023-08-04 10:04:28 | [INFO]    | Discordia 2.11.2
2023-08-04 10:04:28 | [INFO]    | Connecting to Discord...
2023-08-04 10:04:28 | [INFO]    | Authenticated as Mamut#3102
2023-08-04 10:04:28 | [INFO]    | Launching shard 0 (1 out of 1)...
2023-08-04 10:04:29 | [INFO]    | Shard 0 : Connected to wss://gateway.discord.gg
2023-08-04 10:04:29 | [INFO]    | Shard 0 : Received HELLO
2023-08-04 10:04:29 | [INFO]    | Shard 0 : Received READY
2023-08-04 10:04:29 | [INFO]    | Mamut
2023-08-04 10:13:42 | [INFO]    | Discordia 2.11.2
2023-08-04 10:13:42 | [INFO]    | Connecting to Discord...
2023-08-04 10:13:43 | [INFO]    | Authenticated as Mamut#3102
2023-08-04 10:13:43 | [INFO]    | Launching shard 0 (1 out of 1)...
2023-08-04 10:13:43 | [INFO]    | Shard 0 : Connected to wss://gateway.discord.gg
2023-08-04 10:13:43 | [INFO]    | Shard 0 : Received HELLO
2023-08-04 10:13:43 | [INFO]    | Shard 0 : Received READY
2023-08-04 10:13:43 | [INFO]    | Mamut
2023-08-04 10:15:34 | [INFO]    | Discordia 2.11.2
2023-08-04 10:15:34 | [INFO]    | Connecting to Discord...
2023-08-04 10:15:34 | [INFO]    | Authenticated as Mamut#3102
2023-08-04 10:15:34 | [INFO]    | Launching shard 0 (1 out of 1)...
2023-08-04 10:15:34 | [INFO]    | Shard 0 : Connected to wss://gateway.discord.gg
2023-08-04 10:15:34 | [INFO]    | Shard 0 : Received HELLO
2023-08-04 10:15:35 | [INFO]    | Shard 0 : Received READY
2023-08-04 10:15:35 | [INFO]    | Mamut
2023-08-04 10:21:21 | [INFO]    | Discordia 2.11.2
2023-08-04 10:21:21 | [INFO]    | Connecting to Discord...
2023-08-04 10:21:21 | [INFO]    | Authenticated as Mamut#3102
2023-08-04 10:21:21 | [INFO]    | Launching shard 0 (1 out of 1)...
2023-08-04 10:21:21 | [INFO]    | Shard 0 : Connected to wss://gateway.discord.gg
2023-08-04 10:21:21 | [INFO]    | Shard 0 : Received HELLO
2023-08-04 10:21:22 | [INFO]    | Shard 0 : Received READY
2023-08-04 10:21:22 | [INFO]    | Mamut
2023-08-04 10:24:03 | [ERROR]   | 401 - Unauthorized : GET https://discord.com/api/v8/oauth2/applications/@me
2023-08-04 10:26:16 | [ERROR]   | 401 - Unauthorized : GET https://discord.com/api/v8/oauth2/applications/@me
2023-08-04 10:26:56 | [ERROR]   | 401 - Unauthorized : GET https://discord.com/api/v8/oauth2/applications/@me
2023-08-04 10:27:59 | [INFO]    | Discordia 2.11.2
2023-08-04 10:27:59 | [INFO]    | Connecting to Discord...
2023-08-04 10:28:00 | [INFO]    | Authenticated as Mamut#3102
2023-08-04 10:28:00 | [INFO]    | Launching shard 0 (1 out of 1)...
2023-08-04 10:28:00 | [INFO]    | Shard 0 : Connected to wss://gateway.discord.gg
2023-08-04 10:28:00 | [INFO]    | Shard 0 : Received HELLO
2023-08-04 10:28:00 | [INFO]    | Shard 0 : Received READY
2023-08-04 10:28:05 | [INFO]    | Ready!
2023-08-04 10:29:38 | [INFO]    | Discordia 2.11.2
2023-08-04 10:29:38 | [INFO]    | Connecting to Discord...
2023-08-04 10:29:38 | [INFO]    | Authenticated as Mamut#3102
2023-08-04 10:29:38 | [INFO]    | Launching shard 0 (1 out of 1)...
2023-08-04 10:29:38 | [INFO]    | Shard 0 : Connected to wss://gateway.discord.gg
2023-08-04 10:29:38 | [INFO]    | Shard 0 : Received HELLO
2023-08-04 10:29:39 | [INFO]    | Shard 0 : Received READY
2023-08-04 10:29:39 | [INFO]    | mamut hazir!
2023-08-04 10:33:55 | [INFO]    | Discordia 2.11.2
2023-08-04 10:33:55 | [INFO]    | Connecting to Discord...
2023-08-04 10:33:55 | [INFO]    | Authenticated as Mamut#3102
2023-08-04 10:33:55 | [INFO]    | Launching shard 0 (1 out of 1)...
2023-08-04 10:33:55 | [INFO]    | Shard 0 : Connected to wss://gateway.discord.gg
2023-08-04 10:33:55 | [INFO]    | Shard 0 : Received HELLO
2023-08-04 10:33:56 | [INFO]    | Shard 0 : Received READY
2023-08-04 10:33:59 | [INFO]    | Ready!
2023-08-04 10:35:05 | [INFO]    | Discordia 2.11.2
2023-08-04 10:35:05 | [INFO]    | Connecting to Discord...
2023-08-04 10:35:05 | [INFO]    | Authenticated as Mamut#3102
2023-08-04 10:35:05 | [INFO]    | Launching shard 0 (1 out of 1)...
2023-08-04 10:35:05 | [INFO]    | Shard 0 : Connected to wss://gateway.discord.gg
2023-08-04 10:35:05 | [INFO]    | Shard 0 : Received HELLO
2023-08-04 10:35:05 | [INFO]    | Shard 0 : Received READY
2023-08-04 10:37:23 | [INFO]    | Discordia 2.11.2
2023-08-04 10:37:23 | [INFO]    | Connecting to Discord...
2023-08-04 10:37:24 | [INFO]    | Authenticated as Mamut#3102
2023-08-04 10:37:24 | [INFO]    | Launching shard 0 (1 out of 1)...
2023-08-04 10:37:24 | [INFO]    | Shard 0 : Connected to wss://gateway.discord.gg
2023-08-04 10:37:24 | [INFO]    | Shard 0 : Received HELLO
2023-08-04 10:37:24 | [INFO]    | Shard 0 : Received READY
2023-08-04 10:37:26 | [INFO]    | Ready!
2023-08-04 10:37:47 | [INFO]    | Discordia 2.11.2
2023-08-04 10:37:47 | [INFO]    | Connecting to Discord...
2023-08-04 10:37:47 | [INFO]    | Authenticated as Mamut#3102
2023-08-04 10:37:47 | [INFO]    | Launching shard 0 (1 out of 1)...
2023-08-04 10:37:47 | [INFO]    | Shard 0 : Connected to wss://gateway.discord.gg
2023-08-04 10:37:47 | [INFO]    | Shard 0 : Received HELLO
2023-08-04 10:37:48 | [INFO]    | Shard 0 : Received READY
2023-08-04 10:37:49 | [INFO]    | Ready!
2023-08-04 10:41:25 | [INFO]    | Discordia 2.11.2
2023-08-04 10:41:25 | [INFO]    | Connecting to Discord...
2023-08-04 10:41:25 | [INFO]    | Authenticated as Mamut#3102
2023-08-04 10:41:26 | [INFO]    | Launching shard 0 (1 out of 1)...
2023-08-04 10:41:26 | [INFO]    | Shard 0 : Connected to wss://gateway.discord.gg
2023-08-04 10:41:26 | [INFO]    | Shard 0 : Received HELLO
2023-08-04 10:41:27 | [INFO]    | Shard 0 : Received READY
2023-08-04 10:41:28 | [INFO]    | Ready!
2023-08-04 10:42:14 | [INFO]    | Discordia 2.11.2
2023-08-04 10:42:14 | [INFO]    | Connecting to Discord...
2023-08-04 10:42:14 | [INFO]    | Authenticated as Mamut#3102
2023-08-04 10:42:14 | [INFO]    | Launching shard 0 (1 out of 1)...
2023-08-04 10:42:14 | [INFO]    | Shard 0 : Connected to wss://gateway.discord.gg
2023-08-04 10:42:14 | [INFO]    | Shard 0 : Received HELLO
2023-08-04 10:42:15 | [INFO]    | Shard 0 : Received READY
2023-08-04 10:42:16 | [INFO]    | Ready!
2023-08-04 10:42:43 | [INFO]    | Discordia 2.11.2
2023-08-04 10:42:43 | [INFO]    | Connecting to Discord...
2023-08-04 10:42:43 | [INFO]    | Authenticated as Mamut#3102
2023-08-04 10:42:43 | [INFO]    | Launching shard 0 (1 out of 1)...
2023-08-04 10:42:43 | [INFO]    | Shard 0 : Connected to wss://gateway.discord.gg
2023-08-04 10:42:43 | [INFO]    | Shard 0 : Received HELLO
2023-08-04 10:42:44 | [INFO]    | Shard 0 : Received READY
2023-08-04 10:42:45 | [INFO]    | Ready!
2023-08-04 10:47:01 | [INFO]    | Discordia 2.11.2
2023-08-04 10:47:01 | [INFO]    | Connecting to Discord...
2023-08-04 10:47:01 | [INFO]    | Authenticated as Mamut#3102
2023-08-04 10:47:01 | [INFO]    | Launching shard 0 (1 out of 1)...
2023-08-04 10:47:01 | [INFO]    | Shard 0 : Connected to wss://gateway.discord.gg
2023-08-04 10:47:02 | [INFO]    | Shard 0 : Received HELLO
2023-08-04 10:47:02 | [INFO]    | Shard 0 : Received READY
2023-08-04 10:47:03 | [INFO]    | Ready!
2023-08-04 10:49:16 | [INFO]    | Discordia 2.11.2
2023-08-04 10:49:16 | [INFO]    | Connecting to Discord...
2023-08-04 10:49:16 | [INFO]    | Authenticated as Mamut#3102
2023-08-04 10:49:16 | [INFO]    | Launching shard 0 (1 out of 1)...
2023-08-04 10:49:16 | [INFO]    | Shard 0 : Connected to wss://gateway.discord.gg
2023-08-04 10:49:16 | [INFO]    | Shard 0 : Received HELLO
2023-08-04 10:49:17 | [INFO]    | Shard 0 : Received READY
2023-08-04 10:49:19 | [INFO]    | Ready!
2023-08-04 10:55:50 | [INFO]    | Discordia 2.11.2
2023-08-04 10:55:50 | [INFO]    | Connecting to Discord...
2023-08-04 10:55:50 | [INFO]    | Authenticated as Mamut#3102
2023-08-04 10:55:50 | [INFO]    | Launching shard 0 (1 out of 1)...
2023-08-04 10:55:51 | [INFO]    | Shard 0 : Connected to wss://gateway.discord.gg
2023-08-04 10:55:51 | [INFO]    | Shard 0 : Received HELLO
2023-08-04 10:55:51 | [INFO]    | Shard 0 : Received READY
2023-08-04 10:55:53 | [INFO]    | Ready!
2023-08-04 10:56:51 | [INFO]    | Discordia 2.11.2
2023-08-04 10:56:51 | [INFO]    | Connecting to Discord...
2023-08-04 10:56:52 | [INFO]    | Authenticated as Mamut#3102
2023-08-04 10:56:52 | [INFO]    | Launching shard 0 (1 out of 1)...
2023-08-04 10:56:52 | [INFO]    | Shard 0 : Connected to wss://gateway.discord.gg
2023-08-04 10:56:52 | [INFO]    | Shard 0 : Received HELLO
2023-08-04 10:56:52 | [INFO]    | Shard 0 : Received READY
2023-08-04 10:56:54 | [INFO]    | Ready!
2023-08-04 10:57:15 | [INFO]    | Discordia 2.11.2
2023-08-04 10:57:15 | [INFO]    | Connecting to Discord...
2023-08-04 10:57:16 | [INFO]    | Authenticated as Mamut#3102
2023-08-04 10:57:16 | [INFO]    | Launching shard 0 (1 out of 1)...
2023-08-04 10:57:16 | [INFO]    | Shard 0 : Connected to wss://gateway.discord.gg
2023-08-04 10:57:16 | [INFO]    | Shard 0 : Received HELLO
2023-08-04 10:57:16 | [INFO]    | Shard 0 : Received READY
2023-08-04 10:57:18 | [INFO]    | Ready!
2023-08-04 10:57:37 | [INFO]    | Discordia 2.11.2
2023-08-04 10:57:37 | [INFO]    | Connecting to Discord...
2023-08-04 10:57:38 | [INFO]    | Authenticated as Mamut#3102
2023-08-04 10:57:38 | [INFO]    | Launching shard 0 (1 out of 1)...
2023-08-04 10:57:38 | [INFO]    | Shard 0 : Connected to wss://gateway.discord.gg
2023-08-04 10:57:38 | [INFO]    | Shard 0 : Received HELLO
2023-08-04 10:57:38 | [INFO]    | Shard 0 : Received READY
2023-08-04 10:57:40 | [INFO]    | Ready!
2023-08-04 10:58:19 | [INFO]    | Discordia 2.11.2
2023-08-04 10:58:19 | [INFO]    | Connecting to Discord...
2023-08-04 10:58:20 | [INFO]    | Authenticated as Mamut#3102
2023-08-04 10:58:20 | [INFO]    | Launching shard 0 (1 out of 1)...
2023-08-04 10:58:20 | [INFO]    | Shard 0 : Connected to wss://gateway.discord.gg
2023-08-04 10:58:20 | [INFO]    | Shard 0 : Received HELLO
2023-08-04 10:58:20 | [INFO]    | Shard 0 : Received READY
2023-08-04 10:58:22 | [INFO]    | Ready!
2023-08-04 10:59:36 | [INFO]    | Discordia 2.11.2
2023-08-04 10:59:36 | [INFO]    | Connecting to Discord...
2023-08-04 10:59:36 | [INFO]    | Authenticated as Mamut#3102
2023-08-04 10:59:36 | [INFO]    | Launching shard 0 (1 out of 1)...
2023-08-04 10:59:36 | [INFO]    | Shard 0 : Connected to wss://gateway.discord.gg
2023-08-04 10:59:36 | [INFO]    | Shard 0 : Received HELLO
2023-08-04 10:59:37 | [INFO]    | Shard 0 : Received READY
2023-08-04 10:59:38 | [INFO]    | Ready!
2023-08-04 11:00:00 | [INFO]    | Discordia 2.11.2
2023-08-04 11:00:00 | [INFO]    | Connecting to Discord...
2023-08-04 11:00:00 | [INFO]    | Authenticated as Mamut#3102
2023-08-04 11:00:00 | [INFO]    | Launching shard 0 (1 out of 1)...
2023-08-04 11:00:00 | [INFO]    | Shard 0 : Connected to wss://gateway.discord.gg
2023-08-04 11:00:00 | [INFO]    | Shard 0 : Received HELLO
2023-08-04 11:00:00 | [INFO]    | Shard 0 : Received READY
2023-08-04 11:00:02 | [INFO]    | Ready!
2023-08-04 11:04:19 | [INFO]    | Discordia 2.11.2
2023-08-04 11:04:19 | [INFO]    | Connecting to Discord...
2023-08-04 11:04:20 | [INFO]    | Authenticated as Mamut#3102
2023-08-04 11:04:20 | [INFO]    | Launching shard 0 (1 out of 1)...
2023-08-04 11:04:20 | [INFO]    | Shard 0 : Connected to wss://gateway.discord.gg
2023-08-04 11:04:20 | [INFO]    | Shard 0 : Received HELLO
2023-08-04 11:04:20 | [INFO]    | Shard 0 : Received READY
2023-08-04 11:04:22 | [INFO]    | Ready!
2023-08-04 11:05:50 | [INFO]    | Discordia 2.11.2
2023-08-04 11:05:50 | [INFO]    | Connecting to Discord...
2023-08-04 11:05:50 | [INFO]    | Authenticated as Mamut#3102
2023-08-04 11:05:50 | [INFO]    | Launching shard 0 (1 out of 1)...
2023-08-04 11:05:50 | [INFO]    | Shard 0 : Connected to wss://gateway.discord.gg
2023-08-04 11:05:50 | [INFO]    | Shard 0 : Received HELLO
2023-08-04 11:05:51 | [INFO]    | Shard 0 : Received READY
2023-08-04 11:05:53 | [INFO]    | Ready!
2023-08-04 11:06:55 | [INFO]    | Discordia 2.11.2
2023-08-04 11:06:55 | [INFO]    | Connecting to Discord...
2023-08-04 11:06:55 | [INFO]    | Authenticated as Mamut#3102
2023-08-04 11:06:55 | [INFO]    | Launching shard 0 (1 out of 1)...
2023-08-04 11:06:55 | [INFO]    | Shard 0 : Connected to wss://gateway.discord.gg
2023-08-04 11:06:55 | [INFO]    | Shard 0 : Received HELLO
2023-08-04 11:06:55 | [INFO]    | Shard 0 : Received READY
2023-08-04 11:06:57 | [INFO]    | Ready!
2023-08-04 11:07:36 | [INFO]    | Discordia 2.11.2
2023-08-04 11:07:36 | [INFO]    | Connecting to Discord...
2023-08-04 11:07:36 | [INFO]    | Authenticated as Mamut#3102
2023-08-04 11:07:36 | [INFO]    | Launching shard 0 (1 out of 1)...
2023-08-04 11:07:36 | [INFO]    | Shard 0 : Connected to wss://gateway.discord.gg
2023-08-04 11:07:36 | [INFO]    | Shard 0 : Received HELLO
2023-08-04 11:07:37 | [INFO]    | Shard 0 : Received READY
2023-08-04 11:07:39 | [INFO]    | Ready!
2023-08-04 11:14:43 | [INFO]    | Discordia 2.11.2
2023-08-04 11:14:43 | [INFO]    | Connecting to Discord...
2023-08-04 11:14:43 | [INFO]    | Authenticated as Mamut#3102
2023-08-04 11:14:43 | [INFO]    | Launching shard 0 (1 out of 1)...
2023-08-04 11:14:43 | [INFO]    | Shard 0 : Connected to wss://gateway.discord.gg
2023-08-04 11:14:43 | [INFO]    | Shard 0 : Received HELLO
2023-08-04 11:14:43 | [INFO]    | Shard 0 : Received READY
2023-08-04 11:14:46 | [INFO]    | Komutlar yüklendi , Mamut hazir!
2023-08-04 11:15:25 | [INFO]    | Discordia 2.11.2
2023-08-04 11:15:25 | [INFO]    | Connecting to Discord...
2023-08-04 11:15:25 | [INFO]    | Authenticated as Mamut#3102
2023-08-04 11:15:25 | [INFO]    | Launching shard 0 (1 out of 1)...
2023-08-04 11:15:25 | [INFO]    | Shard 0 : Connected to wss://gateway.discord.gg
2023-08-04 11:15:25 | [INFO]    | Shard 0 : Received HELLO
2023-08-04 11:15:26 | [INFO]    | Shard 0 : Received READY
2023-08-04 11:15:29 | [INFO]    | Komutlar yüklendi , Mamut hazir!
2023-08-04 11:18:13 | [INFO]    | Discordia 2.11.2
2023-08-04 11:18:13 | [INFO]    | Connecting to Discord...
2023-08-04 11:18:13 | [INFO]    | Authenticated as Mamut#3102
2023-08-04 11:18:13 | [INFO]    | Launching shard 0 (1 out of 1)...
2023-08-04 11:18:13 | [INFO]    | Shard 0 : Connected to wss://gateway.discord.gg
2023-08-04 11:18:13 | [INFO]    | Shard 0 : Received HELLO
2023-08-04 11:18:13 | [INFO]    | Shard 0 : Received READY
2023-08-04 11:18:16 | [INFO]    | Komutlar yüklendi , Mamut hazir!
2023-08-04 11:20:20 | [INFO]    | Discordia 2.11.2
2023-08-04 11:20:20 | [INFO]    | Connecting to Discord...
2023-08-04 11:20:20 | [INFO]    | Authenticated as Mamut#3102
2023-08-04 11:20:20 | [INFO]    | Launching shard 0 (1 out of 1)...
2023-08-04 11:20:20 | [INFO]    | Shard 0 : Connected to wss://gateway.discord.gg
2023-08-04 11:20:20 | [INFO]    | Shard 0 : Received HELLO
2023-08-04 11:20:20 | [INFO]    | Shard 0 : Received READY
2023-08-04 11:20:23 | [INFO]    | Komutlar yüklendi , Mamut hazir!
2023-08-04 11:22:21 | [INFO]    | Discordia 2.11.2
2023-08-04 11:22:21 | [INFO]    | Connecting to Discord...
2023-08-04 11:22:22 | [INFO]    | Authenticated as Mamut#3102
2023-08-04 11:22:22 | [INFO]    | Launching shard 0 (1 out of 1)...
2023-08-04 11:22:22 | [INFO]    | Shard 0 : Connected to wss://gateway.discord.gg
2023-08-04 11:22:22 | [INFO]    | Shard 0 : Received HELLO
2023-08-04 11:22:22 | [INFO]    | Shard 0 : Received READY
2023-08-04 11:22:25 | [INFO]    | Komutlar yüklendi , Mamut hazir!
2023-08-04 11:22:51 | [INFO]    | Discordia 2.11.2
2023-08-04 11:22:51 | [INFO]    | Connecting to Discord...
2023-08-04 11:22:51 | [INFO]    | Authenticated as Mamut#3102
2023-08-04 11:22:51 | [INFO]    | Launching shard 0 (1 out of 1)...
2023-08-04 11:22:51 | [INFO]    | Shard 0 : Connected to wss://gateway.discord.gg
2023-08-04 11:22:51 | [INFO]    | Shard 0 : Received HELLO
2023-08-04 11:22:52 | [INFO]    | Shard 0 : Received READY
2023-08-04 11:22:55 | [INFO]    | Komutlar yüklendi , Mamut hazir!
2023-08-04 11:41:20 | [INFO]    | Discordia 2.11.2
2023-08-04 11:41:20 | [INFO]    | Connecting to Discord...
2023-08-04 11:41:20 | [INFO]    | Authenticated as Mamut#3102
2023-08-04 11:41:20 | [INFO]    | Launching shard 0 (1 out of 1)...
2023-08-04 11:41:21 | [INFO]    | Shard 0 : Connected to wss://gateway.discord.gg
2023-08-04 11:41:21 | [INFO]    | Shard 0 : Received HELLO
2023-08-04 11:41:21 | [INFO]    | Shard 0 : Received READY
2023-08-04 11:41:24 | [INFO]    | Komutlar yüklendi , Mamut hazir!
2023-08-04 16:10:32 | [INFO]    | Discordia 2.11.2
2023-08-04 16:10:32 | [INFO]    | Connecting to Discord...
2023-08-04 16:10:33 | [INFO]    | Authenticated as Mamut#3102
2023-08-04 16:10:33 | [INFO]    | Launching shard 0 (1 out of 1)...
2023-08-04 16:10:34 | [INFO]    | Shard 0 : Connected to wss://gateway.discord.gg
2023-08-04 16:10:34 | [INFO]    | Shard 0 : Received HELLO
2023-08-04 16:10:34 | [INFO]    | Shard 0 : Received READY
2023-08-04 16:10:36 | [INFO]    | Komutlar yüklendi , Mamut hazir!
2023-08-04 16:13:28 | [INFO]    | Discordia 2.11.2
2023-08-04 16:13:28 | [INFO]    | Connecting to Discord...
2023-08-04 16:13:28 | [INFO]    | Authenticated as Mamut#3102
2023-08-04 16:13:28 | [INFO]    | Launching shard 0 (1 out of 1)...
2023-08-04 16:13:28 | [INFO]    | Shard 0 : Connected to wss://gateway.discord.gg
2023-08-04 16:13:28 | [INFO]    | Shard 0 : Received HELLO
2023-08-04 16:13:28 | [INFO]    | Shard 0 : Received READY
2023-08-04 16:13:30 | [INFO]    | Komutlar yüklendi , Mamut hazir!
2023-08-04 16:16:13 | [WARNING] | Shard 0 : 4003 - Not authenticated.
2023-08-04 16:16:13 | [INFO]    | Shard 0 : Disconnected
2023-08-04 16:16:13 | [INFO]    | Shard 0 : Reconnecting after 1051 ms...
2023-08-04 16:16:14 | [INFO]    | Shard 0 : Connected to wss://gateway.discord.gg
2023-08-04 16:16:14 | [INFO]    | Shard 0 : Received HELLO
2023-08-04 16:16:15 | [INFO]    | Shard 0 : Session invalidated, re-identifying...
2023-08-04 16:16:17 | [WARNING] | Shard 0 : 4004 - Authentication failed.
2023-08-04 16:16:17 | [INFO]    | Shard 0 : Disconnected
2023-08-04 16:16:17 | [INFO]    | Shard 0 : Reconnecting after 1965 ms...
2023-08-04 16:16:19 | [INFO]    | Shard 0 : Connected to wss://gateway.discord.gg
2023-08-04 16:16:19 | [INFO]    | Shard 0 : Received HELLO
2023-08-04 16:16:24 | [WARNING] | Shard 0 : 4004 - Authentication failed.
2023-08-04 16:16:24 | [INFO]    | Shard 0 : Disconnected
2023-08-04 16:16:24 | [INFO]    | Shard 0 : Reconnecting after 3656 ms...
2023-08-04 16:21:42 | [INFO]    | Discordia 2.11.2
2023-08-04 16:21:42 | [INFO]    | Connecting to Discord...
2023-08-04 16:21:43 | [INFO]    | Authenticated as Mamut#3102
2023-08-04 16:21:43 | [INFO]    | Launching shard 0 (1 out of 1)...
2023-08-04 16:21:43 | [INFO]    | Shard 0 : Connected to wss://gateway.discord.gg
2023-08-04 16:21:43 | [INFO]    | Shard 0 : Received HELLO
2023-08-04 16:21:43 | [INFO]    | Shard 0 : Received READY
2023-08-04 16:21:45 | [INFO]    | Komutlar yüklendi , Mamut hazir!
2023-08-04 16:22:39 | [INFO]    | Discordia 2.11.2
2023-08-04 16:22:39 | [INFO]    | Connecting to Discord...
2023-08-04 16:22:40 | [INFO]    | Authenticated as Mamut#3102
2023-08-04 16:22:40 | [INFO]    | Launching shard 0 (1 out of 1)...
2023-08-04 16:22:40 | [INFO]    | Shard 0 : Connected to wss://gateway.discord.gg
2023-08-04 16:22:40 | [INFO]    | Shard 0 : Received HELLO
2023-08-04 16:22:40 | [INFO]    | Shard 0 : Received READY
2023-08-04 16:22:42 | [INFO]    | Komutlar yüklendi , Mamut hazir!
2023-08-04 19:22:17 | [INFO]    | Discordia 2.11.2
2023-08-04 19:22:17 | [INFO]    | Connecting to Discord...
2023-08-04 19:22:17 | [ERROR]   | 401 - Unauthorized : GET https://discord.com/api/v8/users/@me
2023-08-04 19:22:17 | [ERROR]   | Could not authenticate, check token: HTTP Error 0 : 401: Unauthorized
